2020-03-03 19:23:44,000 [Worker-7] INFO  o.e.m.c.i.p.ProjectConfigurationManager - Collecting project info '/pom.xml' C:\softwares\eclipse\ bhavya git1 hometask-5\ExceptionHandling\pom.xml
2020-03-03 19:23:45,191 [Worker-7] INFO  o.e.m.c.i.l.LifecycleMappingFactory - Using org.eclipse.m2e.jdt.JarLifecycleMapping lifecycle mapping for MavenProject: com.epam:ExceptionHandling:0.0.1-SNAPSHOT @ C:\softwares\eclipse\ bhavya git1 hometask-5\ExceptionHandling\pom.xml.
2020-03-03 19:23:46,276 [Worker-7] INFO  o.e.m.j.i.AbstractJavaProjectConfigurator - Adding source folder /ExceptionHandling/src/main/java
2020-03-03 19:23:46,282 [Worker-7] INFO  o.e.m.j.i.AbstractJavaProjectConfigurator - Adding source folder /ExceptionHandling/src/test/java
2020-03-03 19:23:46,962 [Worker-7] INFO  o.e.m.c.i.p.ProjectConfigurationManager - Imported and configured 1 project(s) in 2 sec
2020-03-03 19:23:47,781 [Worker-11] INFO  o.e.m.c.i.embedder.EclipseLogger - Using 'UTF-8' encoding to copy filtered resources.
2020-03-03 19:23:47,782 [Worker-11] INFO  o.e.m.c.i.embedder.EclipseLogger - skip non existing resourceDirectory C:\softwares\eclipse\ bhavya git1 hometask-5\ExceptionHandling\src\main\resources
2020-03-03 19:23:47,787 [Worker-11] INFO  o.e.m.c.i.embedder.EclipseLogger - Using 'UTF-8' encoding to copy filtered resources.
2020-03-03 19:23:47,787 [Worker-11] INFO  o.e.m.c.i.embedder.EclipseLogger - skip non existing resourceDirectory C:\softwares\eclipse\ bhavya git1 hometask-5\ExceptionHandling\src\test\resources
2020-03-03 19:30:37,139 [Worker-17] INFO  o.e.m.c.i.embedder.EclipseLogger - Using 'UTF-8' encoding to copy filtered resources.
2020-03-03 19:30:37,139 [Worker-17] INFO  o.e.m.c.i.embedder.EclipseLogger - skip non existing resourceDirectory C:\softwares\eclipse\ bhavya git1 hometask-5\ExceptionHandling\src\main\resources
2020-03-03 19:30:37,139 [Worker-17] INFO  o.e.m.c.i.embedder.EclipseLogger - Using 'UTF-8' encoding to copy filtered resources.
2020-03-03 19:30:37,139 [Worker-17] INFO  o.e.m.c.i.embedder.EclipseLogger - skip non existing resourceDirectory C:\softwares\eclipse\ bhavya git1 hometask-5\ExceptionHandling\src\test\resources
2020-03-03 19:30:55,588 [Worker-19] INFO  o.e.m.c.i.p.ProjectConfigurationManager - Update started
2020-03-03 19:30:56,261 [Worker-19] INFO  o.e.m.c.i.l.LifecycleMappingFactory - Using org.eclipse.m2e.jdt.JarLifecycleMapping lifecycle mapping for MavenProject: com.epam:ExceptionHandling:0.0.1-SNAPSHOT @ C:\softwares\eclipse\ bhavya git1 hometask-5\ExceptionHandling\pom.xml.
2020-03-03 19:30:56,592 [Worker-19] INFO  o.e.m.j.i.AbstractJavaProjectConfigurator - Adding source folder /ExceptionHandling/src/main/java
2020-03-03 19:30:56,592 [Worker-19] INFO  o.e.m.j.i.AbstractJavaProjectConfigurator - Adding source folder /ExceptionHandling/src/test/java
2020-03-03 19:30:56,714 [Worker-19] INFO  o.e.m.c.i.p.ProjectConfigurationManager - Update completed: 1 sec
2020-03-03 19:30:56,871 [Worker-17] INFO  o.e.m.c.i.embedder.EclipseLogger - Using 'UTF-8' encoding to copy filtered resources.
2020-03-03 19:30:56,871 [Worker-17] INFO  o.e.m.c.i.embedder.EclipseLogger - skip non existing resourceDirectory C:\softwares\eclipse\ bhavya git1 hometask-5\ExceptionHandling\src\main\resources
2020-03-03 19:30:56,871 [Worker-17] INFO  o.e.m.c.i.embedder.EclipseLogger - Using 'UTF-8' encoding to copy filtered resources.
2020-03-03 19:30:56,871 [Worker-17] INFO  o.e.m.c.i.embedder.EclipseLogger - skip non existing resourceDirectory C:\softwares\eclipse\ bhavya git1 hometask-5\ExceptionHandling\src\test\resources
2020-03-03 19:31:15,382 [Worker-19] INFO  o.e.m.c.i.embedder.EclipseLogger - Using 'UTF-8' encoding to copy filtered resources.
2020-03-03 19:31:15,382 [Worker-19] INFO  o.e.m.c.i.embedder.EclipseLogger - skip non existing resourceDirectory C:\softwares\eclipse\ bhavya git1 hometask-5\ExceptionHandling\src\main\resources
2020-03-03 19:31:15,382 [Worker-19] INFO  o.e.m.c.i.embedder.EclipseLogger - Using 'UTF-8' encoding to copy filtered resources.
2020-03-03 19:31:15,382 [Worker-19] INFO  o.e.m.c.i.embedder.EclipseLogger - skip non existing resourceDirectory C:\softwares\eclipse\ bhavya git1 hometask-5\ExceptionHandling\src\test\resources
2020-03-03 19:31:59,626 [Worker-11] INFO  o.e.m.i.launch.MavenLaunchDelegate - C:\softwares\eclipse\ bhavya git1 hometask-5\ExceptionHandling
2020-03-03 19:31:59,626 [Worker-11] INFO  o.e.m.i.launch.MavenLaunchDelegate -  mvn -B install
2020-03-03 19:32:02,928 [Worker-11] INFO  o.e.m.c.i.embedder.EclipseLogger - Using 'UTF-8' encoding to copy filtered resources.
2020-03-03 19:32:02,928 [Worker-11] INFO  o.e.m.c.i.embedder.EclipseLogger - skip non existing resourceDirectory C:\softwares\eclipse\ bhavya git1 hometask-5\ExceptionHandling\src\main\resources
2020-03-03 19:32:02,928 [Worker-11] INFO  o.e.m.c.i.embedder.EclipseLogger - Using 'UTF-8' encoding to copy filtered resources.
2020-03-03 19:32:02,928 [Worker-11] INFO  o.e.m.c.i.embedder.EclipseLogger - skip non existing resourceDirectory C:\softwares\eclipse\ bhavya git1 hometask-5\ExceptionHandling\src\test\resources
2020-03-03 19:32:17,247 [Worker-16] INFO  o.e.m.c.i.p.ProjectConfigurationManager - Update started
2020-03-03 19:32:17,795 [Worker-16] INFO  o.e.m.c.i.l.LifecycleMappingFactory - Using org.eclipse.m2e.jdt.JarLifecycleMapping lifecycle mapping for MavenProject: com.epam:ExceptionHandling:0.0.1-SNAPSHOT @ C:\softwares\eclipse\ bhavya git1 hometask-5\ExceptionHandling\pom.xml.
2020-03-03 19:32:17,982 [Worker-16] INFO  o.e.m.j.i.AbstractJavaProjectConfigurator - Adding source folder /ExceptionHandling/src/main/java
2020-03-03 19:32:17,982 [Worker-16] INFO  o.e.m.j.i.AbstractJavaProjectConfigurator - Adding source folder /ExceptionHandling/src/test/java
2020-03-03 19:32:18,107 [Worker-16] INFO  o.e.m.c.i.p.ProjectConfigurationManager - Update completed: 0 sec
2020-03-03 19:32:18,291 [Worker-19] INFO  o.e.m.c.i.embedder.EclipseLogger - Using 'UTF-8' encoding to copy filtered resources.
2020-03-03 19:32:18,291 [Worker-19] INFO  o.e.m.c.i.embedder.EclipseLogger - skip non existing resourceDirectory C:\softwares\eclipse\ bhavya git1 hometask-5\ExceptionHandling\src\main\resources
2020-03-03 19:32:18,306 [Worker-19] INFO  o.e.m.c.i.embedder.EclipseLogger - Using 'UTF-8' encoding to copy filtered resources.
2020-03-03 19:32:18,306 [Worker-19] INFO  o.e.m.c.i.embedder.EclipseLogger - skip non existing resourceDirectory C:\softwares\eclipse\ bhavya git1 hometask-5\ExceptionHandling\src\test\resources
2020-03-03 19:32:28,339 [Worker-20] INFO  o.e.m.i.launch.MavenLaunchDelegate - C:\softwares\eclipse\ bhavya git1 hometask-5\ExceptionHandling
2020-03-03 19:32:28,339 [Worker-20] INFO  o.e.m.i.launch.MavenLaunchDelegate -  mvn -B install
2020-03-03 19:32:31,530 [Worker-11] INFO  o.e.m.c.i.embedder.EclipseLogger - Using 'UTF-8' encoding to copy filtered resources.
2020-03-03 19:32:31,530 [Worker-11] INFO  o.e.m.c.i.embedder.EclipseLogger - skip non existing resourceDirectory C:\softwares\eclipse\ bhavya git1 hometask-5\ExceptionHandling\src\main\resources
2020-03-03 19:32:31,530 [Worker-11] INFO  o.e.m.c.i.embedder.EclipseLogger - Using 'UTF-8' encoding to copy filtered resources.
2020-03-03 19:32:31,530 [Worker-11] INFO  o.e.m.c.i.embedder.EclipseLogger - skip non existing resourceDirectory C:\softwares\eclipse\ bhavya git1 hometask-5\ExceptionHandling\src\test\resources
2020-03-03 19:33:12,168 [Worker-19] INFO  o.e.m.c.i.embedder.EclipseLogger - Using 'UTF-8' encoding to copy filtered resources.
2020-03-03 19:33:12,168 [Worker-19] INFO  o.e.m.c.i.embedder.EclipseLogger - skip non existing resourceDirectory C:\softwares\eclipse\ bhavya git1 hometask-5\ExceptionHandling\src\main\resources
2020-03-03 19:33:12,168 [Worker-19] INFO  o.e.m.c.i.embedder.EclipseLogger - Using 'UTF-8' encoding to copy filtered resources.
2020-03-03 19:33:12,168 [Worker-19] INFO  o.e.m.c.i.embedder.EclipseLogger - skip non existing resourceDirectory C:\softwares\eclipse\ bhavya git1 hometask-5\ExceptionHandling\src\test\resources
2020-03-03 19:33:18,599 [Worker-19] INFO  o.e.m.i.launch.MavenLaunchDelegate - C:\softwares\eclipse\ bhavya git1 hometask-5\ExceptionHandling
2020-03-03 19:33:18,599 [Worker-19] INFO  o.e.m.i.launch.MavenLaunchDelegate -  mvn -B install
2020-03-03 19:33:22,864 [Worker-21] INFO  o.e.m.c.i.embedder.EclipseLogger - Using 'UTF-8' encoding to copy filtered resources.
2020-03-03 19:33:22,864 [Worker-21] INFO  o.e.m.c.i.embedder.EclipseLogger - skip non existing resourceDirectory C:\softwares\eclipse\ bhavya git1 hometask-5\ExceptionHandling\src\main\resources
2020-03-03 19:33:22,864 [Worker-21] INFO  o.e.m.c.i.embedder.EclipseLogger - Using 'UTF-8' encoding to copy filtered resources.
2020-03-03 19:33:22,864 [Worker-21] INFO  o.e.m.c.i.embedder.EclipseLogger - skip non existing resourceDirectory C:\softwares\eclipse\ bhavya git1 hometask-5\ExceptionHandling\src\test\resources
2020-03-03 19:38:20,530 [Worker-23] INFO  o.e.m.c.i.embedder.EclipseLogger - Using 'UTF-8' encoding to copy filtered resources.
2020-03-03 19:38:20,530 [Worker-23] INFO  o.e.m.c.i.embedder.EclipseLogger - skip non existing resourceDirectory C:\softwares\eclipse\ bhavya git1 hometask-5\ExceptionHandling\src\main\resources
2020-03-03 19:38:20,530 [Worker-23] INFO  o.e.m.c.i.embedder.EclipseLogger - Using 'UTF-8' encoding to copy filtered resources.
2020-03-03 19:38:20,530 [Worker-23] INFO  o.e.m.c.i.embedder.EclipseLogger - skip non existing resourceDirectory C:\softwares\eclipse\ bhavya git1 hometask-5\ExceptionHandling\src\test\resources
2020-03-03 19:38:21,543 [Worker-11] INFO  o.e.m.c.i.embedder.EclipseLogger - Using 'UTF-8' encoding to copy filtered resources.
2020-03-03 19:38:21,543 [Worker-11] INFO  o.e.m.c.i.embedder.EclipseLogger - skip non existing resourceDirectory C:\softwares\eclipse\ bhavya git1 hometask-5\ExceptionHandling\src\main\resources
2020-03-03 19:38:21,543 [Worker-11] INFO  o.e.m.c.i.embedder.EclipseLogger - Using 'UTF-8' encoding to copy filtered resources.
2020-03-03 19:38:21,543 [Worker-11] INFO  o.e.m.c.i.embedder.EclipseLogger - skip non existing resourceDirectory C:\softwares\eclipse\ bhavya git1 hometask-5\ExceptionHandling\src\test\resources
2020-03-03 19:38:57,478 [Worker-22] INFO  o.e.m.c.i.embedder.EclipseLogger - Using 'UTF-8' encoding to copy filtered resources.
2020-03-03 19:38:57,478 [Worker-22] INFO  o.e.m.c.i.embedder.EclipseLogger - skip non existing resourceDirectory C:\softwares\eclipse\ bhavya git1 hometask-5\ExceptionHandling\src\main\resources
2020-03-03 19:38:57,478 [Worker-22] INFO  o.e.m.c.i.embedder.EclipseLogger - Using 'UTF-8' encoding to copy filtered resources.
2020-03-03 19:38:57,478 [Worker-22] INFO  o.e.m.c.i.embedder.EclipseLogger - skip non existing resourceDirectory C:\softwares\eclipse\ bhavya git1 hometask-5\ExceptionHandling\src\test\resources
2020-03-03 19:39:34,506 [Worker-22] INFO  o.e.m.c.i.embedder.EclipseLogger - Using 'UTF-8' encoding to copy filtered resources.
2020-03-03 19:39:34,506 [Worker-22] INFO  o.e.m.c.i.embedder.EclipseLogger - skip non existing resourceDirectory C:\softwares\eclipse\ bhavya git1 hometask-5\ExceptionHandling\src\main\resources
2020-03-03 19:39:34,521 [Worker-22] INFO  o.e.m.c.i.embedder.EclipseLogger - Using 'UTF-8' encoding to copy filtered resources.
2020-03-03 19:39:34,521 [Worker-22] INFO  o.e.m.c.i.embedder.EclipseLogger - skip non existing resourceDirectory C:\softwares\eclipse\ bhavya git1 hometask-5\ExceptionHandling\src\test\resources
2020-03-03 19:39:59,123 [Worker-22] INFO  o.e.m.c.i.embedder.EclipseLogger - Using 'UTF-8' encoding to copy filtered resources.
2020-03-03 19:39:59,123 [Worker-22] INFO  o.e.m.c.i.embedder.EclipseLogger - skip non existing resourceDirectory C:\softwares\eclipse\ bhavya git1 hometask-5\ExceptionHandling\src\main\resources
2020-03-03 19:39:59,123 [Worker-22] INFO  o.e.m.c.i.embedder.EclipseLogger - Using 'UTF-8' encoding to copy filtered resources.
2020-03-03 19:39:59,123 [Worker-22] INFO  o.e.m.c.i.embedder.EclipseLogger - skip non existing resourceDirectory C:\softwares\eclipse\ bhavya git1 hometask-5\ExceptionHandling\src\test\resources
2020-03-03 19:40:28,018 [Worker-24] INFO  o.e.m.c.i.embedder.EclipseLogger - Using 'UTF-8' encoding to copy filtered resources.
2020-03-03 19:40:28,018 [Worker-24] INFO  o.e.m.c.i.embedder.EclipseLogger - skip non existing resourceDirectory C:\softwares\eclipse\ bhavya git1 hometask-5\ExceptionHandling\src\main\resources
2020-03-03 19:40:28,018 [Worker-24] INFO  o.e.m.c.i.embedder.EclipseLogger - Using 'UTF-8' encoding to copy filtered resources.
2020-03-03 19:40:28,018 [Worker-24] INFO  o.e.m.c.i.embedder.EclipseLogger - skip non existing resourceDirectory C:\softwares\eclipse\ bhavya git1 hometask-5\ExceptionHandling\src\test\resources
2020-03-03 19:43:14,054 [Worker-24] INFO  o.e.m.c.i.embedder.EclipseLogger - Using 'UTF-8' encoding to copy filtered resources.
2020-03-03 19:43:14,054 [Worker-24] INFO  o.e.m.c.i.embedder.EclipseLogger - skip non existing resourceDirectory C:\softwares\eclipse\ bhavya git1 hometask-5\ExceptionHandling\src\main\resources
2020-03-03 19:43:14,054 [Worker-24] INFO  o.e.m.c.i.embedder.EclipseLogger - Using 'UTF-8' encoding to copy filtered resources.
2020-03-03 19:43:14,054 [Worker-24] INFO  o.e.m.c.i.embedder.EclipseLogger - skip non existing resourceDirectory C:\softwares\eclipse\ bhavya git1 hometask-5\ExceptionHandling\src\test\resources
2020-03-03 19:45:06,465 [Worker-25] INFO  o.e.m.c.i.p.ProjectConfigurationManager - Update started
2020-03-03 19:45:06,935 [Worker-25] INFO  o.e.m.c.i.l.LifecycleMappingFactory - Using org.eclipse.m2e.jdt.JarLifecycleMapping lifecycle mapping for MavenProject: com.epam:ExceptionHandling:0.0.1-SNAPSHOT @ C:\softwares\eclipse\ bhavya git1 hometask-5\ExceptionHandling\pom.xml.
2020-03-03 19:45:07,091 [Worker-25] INFO  o.e.m.j.i.AbstractJavaProjectConfigurator - Adding source folder /ExceptionHandling/src/main/java
2020-03-03 19:45:07,091 [Worker-25] INFO  o.e.m.j.i.AbstractJavaProjectConfigurator - Adding source folder /ExceptionHandling/src/test/java
2020-03-03 19:45:07,248 [Worker-25] INFO  o.e.m.c.i.p.ProjectConfigurationManager - Update completed: 0 sec
2020-03-03 19:45:07,413 [Worker-22] INFO  o.e.m.c.i.embedder.EclipseLogger - Using 'UTF-8' encoding to copy filtered resources.
2020-03-03 19:45:07,413 [Worker-22] INFO  o.e.m.c.i.embedder.EclipseLogger - skip non existing resourceDirectory C:\softwares\eclipse\ bhavya git1 hometask-5\ExceptionHandling\src\main\resources
2020-03-03 19:45:07,413 [Worker-22] INFO  o.e.m.c.i.embedder.EclipseLogger - Using 'UTF-8' encoding to copy filtered resources.
2020-03-03 19:45:07,413 [Worker-22] INFO  o.e.m.c.i.embedder.EclipseLogger - skip non existing resourceDirectory C:\softwares\eclipse\ bhavya git1 hometask-5\ExceptionHandling\src\test\resources
2020-03-03 19:45:27,087 [Worker-23] INFO  o.e.m.c.i.embedder.EclipseLogger - Using 'UTF-8' encoding to copy filtered resources.
2020-03-03 19:45:27,087 [Worker-23] INFO  o.e.m.c.i.embedder.EclipseLogger - skip non existing resourceDirectory C:\softwares\eclipse\ bhavya git1 hometask-5\ExceptionHandling\src\main\resources
2020-03-03 19:45:27,087 [Worker-23] INFO  o.e.m.c.i.embedder.EclipseLogger - Using 'UTF-8' encoding to copy filtered resources.
2020-03-03 19:45:27,087 [Worker-23] INFO  o.e.m.c.i.embedder.EclipseLogger - skip non existing resourceDirectory C:\softwares\eclipse\ bhavya git1 hometask-5\ExceptionHandling\src\test\resources
2020-03-03 19:45:40,085 [Worker-24] INFO  o.e.m.c.i.p.ProjectConfigurationManager - Update started
2020-03-03 19:45:40,539 [Worker-24] INFO  o.e.m.c.i.l.LifecycleMappingFactory - Using org.eclipse.m2e.jdt.JarLifecycleMapping lifecycle mapping for MavenProject: com.epam:ExceptionHandling:0.0.1-SNAPSHOT @ C:\softwares\eclipse\ bhavya git1 hometask-5\ExceptionHandling\pom.xml.
2020-03-03 19:45:40,695 [Worker-24] INFO  o.e.m.j.i.AbstractJavaProjectConfigurator - Adding source folder /ExceptionHandling/src/main/java
2020-03-03 19:45:40,695 [Worker-24] INFO  o.e.m.j.i.AbstractJavaProjectConfigurator - Adding source folder /ExceptionHandling/src/test/java
2020-03-03 19:45:40,824 [Worker-24] INFO  o.e.m.c.i.p.ProjectConfigurationManager - Update completed: 0 sec
2020-03-03 19:45:41,038 [Worker-24] INFO  o.e.m.c.i.embedder.EclipseLogger - Using 'UTF-8' encoding to copy filtered resources.
2020-03-03 19:45:41,038 [Worker-24] INFO  o.e.m.c.i.embedder.EclipseLogger - skip non existing resourceDirectory C:\softwares\eclipse\ bhavya git1 hometask-5\ExceptionHandling\src\main\resources
2020-03-03 19:45:41,053 [Worker-24] INFO  o.e.m.c.i.embedder.EclipseLogger - Using 'UTF-8' encoding to copy filtered resources.
2020-03-03 19:45:41,053 [Worker-24] INFO  o.e.m.c.i.embedder.EclipseLogger - skip non existing resourceDirectory C:\softwares\eclipse\ bhavya git1 hometask-5\ExceptionHandling\src\test\resources
2020-03-03 19:45:47,261 [Worker-25] INFO  o.e.m.i.launch.MavenLaunchDelegate - C:\softwares\eclipse\ bhavya git1 hometask-5\ExceptionHandling
2020-03-03 19:45:47,261 [Worker-25] INFO  o.e.m.i.launch.MavenLaunchDelegate -  mvn -B install
2020-03-03 19:45:49,961 [Worker-24] INFO  o.e.m.c.i.embedder.EclipseLogger - Using 'UTF-8' encoding to copy filtered resources.
2020-03-03 19:45:49,961 [Worker-24] INFO  o.e.m.c.i.embedder.EclipseLogger - skip non existing resourceDirectory C:\softwares\eclipse\ bhavya git1 hometask-5\ExceptionHandling\src\main\resources
2020-03-03 19:45:49,961 [Worker-24] INFO  o.e.m.c.i.embedder.EclipseLogger - Using 'UTF-8' encoding to copy filtered resources.
2020-03-03 19:45:49,961 [Worker-24] INFO  o.e.m.c.i.embedder.EclipseLogger - skip non existing resourceDirectory C:\softwares\eclipse\ bhavya git1 hometask-5\ExceptionHandling\src\test\resources
2020-03-03 19:46:12,095 [Worker-27] INFO  o.e.m.c.i.embedder.EclipseLogger - Using 'UTF-8' encoding to copy filtered resources.
2020-03-03 19:46:12,095 [Worker-27] INFO  o.e.m.c.i.embedder.EclipseLogger - skip non existing resourceDirectory C:\softwares\eclipse\ bhavya git1 hometask-5\ExceptionHandling\src\main\resources
2020-03-03 19:46:12,095 [Worker-27] INFO  o.e.m.c.i.embedder.EclipseLogger - Using 'UTF-8' encoding to copy filtered resources.
2020-03-03 19:46:12,095 [Worker-27] INFO  o.e.m.c.i.embedder.EclipseLogger - skip non existing resourceDirectory C:\softwares\eclipse\ bhavya git1 hometask-5\ExceptionHandling\src\test\resources
2020-03-03 19:46:36,228 [Worker-24] INFO  o.e.m.i.launch.MavenLaunchDelegate - C:\softwares\eclipse\ bhavya git1 hometask-5\ExceptionHandling
2020-03-03 19:46:36,228 [Worker-24] INFO  o.e.m.i.launch.MavenLaunchDelegate -  mvn -B install
2020-03-03 19:46:40,379 [Worker-24] INFO  o.e.m.c.i.embedder.EclipseLogger - Using 'UTF-8' encoding to copy filtered resources.
2020-03-03 19:46:40,379 [Worker-24] INFO  o.e.m.c.i.embedder.EclipseLogger - skip non existing resourceDirectory C:\softwares\eclipse\ bhavya git1 hometask-5\ExceptionHandling\src\main\resources
2020-03-03 19:46:40,379 [Worker-24] INFO  o.e.m.c.i.embedder.EclipseLogger - Using 'UTF-8' encoding to copy filtered resources.
2020-03-03 19:46:40,379 [Worker-24] INFO  o.e.m.c.i.embedder.EclipseLogger - skip non existing resourceDirectory C:\softwares\eclipse\ bhavya git1 hometask-5\ExceptionHandling\src\test\resources
2020-03-03 19:46:56,839 [Worker-22] INFO  o.e.m.c.i.l.LifecycleMappingFactory - Using org.eclipse.m2e.jdt.JarLifecycleMapping lifecycle mapping for MavenProject: com.epam:ExceptionHandling:0.0.1-SNAPSHOT @ C:\softwares\eclipse\ bhavya git1 hometask-5\ExceptionHandling\pom.xml.
2020-03-03 19:46:59,609 [Worker-22] INFO  o.e.m.c.i.e.AbstractTransferListenerAdapter - Downloading https://repo.maven.apache.org/maven2/org/apache/logging/log4j/log4j-core/2.13.1/log4j-core-2.13.1.pom
2020-03-03 19:47:00,345 [Worker-22] INFO  o.e.m.c.i.e.AbstractTransferListenerAdapter - Downloaded https://repo.maven.apache.org/maven2/org/apache/logging/log4j/log4j-core/2.13.1/log4j-core-2.13.1.pom
2020-03-03 19:47:00,643 [Worker-22] INFO  o.e.m.c.i.e.AbstractTransferListenerAdapter - Downloading https://repo.maven.apache.org/maven2/org/apache/logging/log4j/log4j/2.13.1/log4j-2.13.1.pom
2020-03-03 19:47:02,287 [Worker-22] INFO  o.e.m.c.i.e.AbstractTransferListenerAdapter - Downloaded https://repo.maven.apache.org/maven2/org/apache/logging/log4j/log4j/2.13.1/log4j-2.13.1.pom
2020-03-03 19:47:02,684 [Worker-22] INFO  o.e.m.c.i.e.AbstractTransferListenerAdapter - Downloading https://repo.maven.apache.org/maven2/org/apache/apache/21/apache-21.pom
2020-03-03 19:47:03,299 [Worker-22] INFO  o.e.m.c.i.e.AbstractTransferListenerAdapter - Downloaded https://repo.maven.apache.org/maven2/org/apache/apache/21/apache-21.pom
2020-03-03 19:47:03,601 [Worker-22] INFO  o.e.m.c.i.e.AbstractTransferListenerAdapter - Downloading https://repo.maven.apache.org/maven2/org/apache/logging/log4j/log4j-api/2.13.1/log4j-api-2.13.1.pom
2020-03-03 19:47:04,131 [Worker-22] INFO  o.e.m.c.i.e.AbstractTransferListenerAdapter - Downloaded https://repo.maven.apache.org/maven2/org/apache/logging/log4j/log4j-api/2.13.1/log4j-api-2.13.1.pom
2020-03-03 19:47:04,530 [Worker-22] INFO  o.e.m.c.i.e.AbstractTransferListenerAdapter - Downloading https://repo.maven.apache.org/maven2/org/apache/logging/log4j/log4j-core/2.13.1/log4j-core-2.13.1.jar
2020-03-03 19:47:41,706 [Worker-22] INFO  o.e.m.c.i.e.AbstractTransferListenerAdapter - Downloaded https://repo.maven.apache.org/maven2/org/apache/logging/log4j/log4j-core/2.13.1/log4j-core-2.13.1.jar
2020-03-03 19:47:42,019 [Worker-22] INFO  o.e.m.c.i.e.AbstractTransferListenerAdapter - Downloading https://repo.maven.apache.org/maven2/org/apache/logging/log4j/log4j-api/2.13.1/log4j-api-2.13.1.jar
2020-03-03 19:47:48,766 [Worker-22] INFO  o.e.m.c.i.e.AbstractTransferListenerAdapter - Downloaded https://repo.maven.apache.org/maven2/org/apache/logging/log4j/log4j-api/2.13.1/log4j-api-2.13.1.jar
2020-03-03 19:47:49,152 [Worker-22] INFO  o.e.m.c.i.embedder.EclipseLogger - Using 'UTF-8' encoding to copy filtered resources.
2020-03-03 19:47:49,152 [Worker-22] INFO  o.e.m.c.i.embedder.EclipseLogger - skip non existing resourceDirectory C:\softwares\eclipse\ bhavya git1 hometask-5\ExceptionHandling\src\main\resources
2020-03-03 19:47:49,152 [Worker-22] INFO  o.e.m.c.i.embedder.EclipseLogger - Using 'UTF-8' encoding to copy filtered resources.
2020-03-03 19:47:49,152 [Worker-22] INFO  o.e.m.c.i.embedder.EclipseLogger - skip non existing resourceDirectory C:\softwares\eclipse\ bhavya git1 hometask-5\ExceptionHandling\src\test\resources
2020-03-03 19:47:50,979 [Worker-27] INFO  o.e.m.c.i.l.LifecycleMappingFactory - Using org.eclipse.m2e.jdt.JarLifecycleMapping lifecycle mapping for MavenProject: com.epam:ExceptionHandling:0.0.1-SNAPSHOT @ C:\softwares\eclipse\ bhavya git1 hometask-5\ExceptionHandling\pom.xml.
2020-03-03 19:47:51,322 [Worker-27] INFO  o.e.m.c.i.embedder.EclipseLogger - Using 'UTF-8' encoding to copy filtered resources.
2020-03-03 19:47:51,322 [Worker-27] INFO  o.e.m.c.i.embedder.EclipseLogger - skip non existing resourceDirectory C:\softwares\eclipse\ bhavya git1 hometask-5\ExceptionHandling\src\main\resources
2020-03-03 19:47:51,322 [Worker-27] INFO  o.e.m.c.i.embedder.EclipseLogger - Using 'UTF-8' encoding to copy filtered resources.
2020-03-03 19:47:51,322 [Worker-27] INFO  o.e.m.c.i.embedder.EclipseLogger - skip non existing resourceDirectory C:\softwares\eclipse\ bhavya git1 hometask-5\ExceptionHandling\src\test\resources
2020-03-03 19:47:52,444 [Worker-26] INFO  o.e.m.c.i.embedder.EclipseLogger - Using 'UTF-8' encoding to copy filtered resources.
2020-03-03 19:47:52,444 [Worker-26] INFO  o.e.m.c.i.embedder.EclipseLogger - skip non existing resourceDirectory C:\softwares\eclipse\ bhavya git1 hometask-5\ExceptionHandling\src\main\resources
2020-03-03 19:47:52,444 [Worker-26] INFO  o.e.m.c.i.embedder.EclipseLogger - Using 'UTF-8' encoding to copy filtered resources.
2020-03-03 19:47:52,444 [Worker-26] INFO  o.e.m.c.i.embedder.EclipseLogger - skip non existing resourceDirectory C:\softwares\eclipse\ bhavya git1 hometask-5\ExceptionHandling\src\test\resources
2020-03-03 19:48:05,327 [Worker-26] INFO  o.e.m.c.i.l.LifecycleMappingFactory - Using org.eclipse.m2e.jdt.JarLifecycleMapping lifecycle mapping for MavenProject: com.epam:ExceptionHandling:0.0.1-SNAPSHOT @ C:\softwares\eclipse\ bhavya git1 hometask-5\ExceptionHandling\pom.xml.
2020-03-03 19:48:05,499 [Worker-26] INFO  o.e.m.c.i.embedder.EclipseLogger - Using 'UTF-8' encoding to copy filtered resources.
2020-03-03 19:48:05,499 [Worker-26] INFO  o.e.m.c.i.embedder.EclipseLogger - skip non existing resourceDirectory C:\softwares\eclipse\ bhavya git1 hometask-5\ExceptionHandling\src\main\resources
2020-03-03 19:48:05,499 [Worker-26] INFO  o.e.m.c.i.embedder.EclipseLogger - Using 'UTF-8' encoding to copy filtered resources.
2020-03-03 19:48:05,499 [Worker-26] INFO  o.e.m.c.i.embedder.EclipseLogger - skip non existing resourceDirectory C:\softwares\eclipse\ bhavya git1 hometask-5\ExceptionHandling\src\test\resources
2020-03-03 19:48:07,022 [Worker-22] INFO  o.e.m.c.i.embedder.EclipseLogger - Using 'UTF-8' encoding to copy filtered resources.
2020-03-03 19:48:07,022 [Worker-22] INFO  o.e.m.c.i.embedder.EclipseLogger - skip non existing resourceDirectory C:\softwares\eclipse\ bhavya git1 hometask-5\ExceptionHandling\src\main\resources
2020-03-03 19:48:07,022 [Worker-22] INFO  o.e.m.c.i.embedder.EclipseLogger - Using 'UTF-8' encoding to copy filtered resources.
2020-03-03 19:48:07,022 [Worker-22] INFO  o.e.m.c.i.embedder.EclipseLogger - skip non existing resourceDirectory C:\softwares\eclipse\ bhavya git1 hometask-5\ExceptionHandling\src\test\resources
2020-03-03 19:49:01,616 [Worker-23] INFO  o.e.m.c.i.embedder.EclipseLogger - Using 'UTF-8' encoding to copy filtered resources.
2020-03-03 19:49:01,631 [Worker-23] INFO  o.e.m.c.i.embedder.EclipseLogger - Copying 0 resource
2020-03-03 19:49:01,631 [Worker-23] INFO  o.e.m.c.i.embedder.EclipseLogger - Using 'UTF-8' encoding to copy filtered resources.
2020-03-03 19:49:01,631 [Worker-23] INFO  o.e.m.c.i.embedder.EclipseLogger - skip non existing resourceDirectory C:\softwares\eclipse\ bhavya git1 hometask-5\ExceptionHandling\src\test\resources
2020-03-03 19:49:33,700 [Worker-26] INFO  o.e.m.c.i.embedder.EclipseLogger - Using 'UTF-8' encoding to copy filtered resources.
2020-03-03 19:49:33,700 [Worker-26] INFO  o.e.m.c.i.embedder.EclipseLogger - Copying 0 resource
2020-03-03 19:49:33,716 [Worker-26] INFO  o.e.m.c.i.embedder.EclipseLogger - Using 'UTF-8' encoding to copy filtered resources.
2020-03-03 19:49:33,716 [Worker-26] INFO  o.e.m.c.i.embedder.EclipseLogger - skip non existing resourceDirectory C:\softwares\eclipse\ bhavya git1 hometask-5\ExceptionHandling\src\test\resources
2020-03-03 19:51:20,230 [Worker-28] INFO  o.e.m.c.i.embedder.EclipseLogger - Using 'UTF-8' encoding to copy filtered resources.
2020-03-03 19:51:20,230 [Worker-28] INFO  o.e.m.c.i.embedder.EclipseLogger - Copying 0 resource
2020-03-03 19:51:20,230 [Worker-28] INFO  o.e.m.c.i.embedder.EclipseLogger - Using 'UTF-8' encoding to copy filtered resources.
2020-03-03 19:51:20,230 [Worker-28] INFO  o.e.m.c.i.embedder.EclipseLogger - skip non existing resourceDirectory C:\softwares\eclipse\ bhavya git1 hometask-5\ExceptionHandling\src\test\resources
2020-03-03 20:12:52,224 [Worker-7] INFO  o.e.m.c.i.embedder.EclipseLogger - Using 'UTF-8' encoding to copy filtered resources.
2020-03-03 20:12:52,229 [Worker-7] INFO  o.e.m.c.i.embedder.EclipseLogger - Copying 0 resource
2020-03-03 20:12:52,231 [Worker-7] INFO  o.e.m.c.i.embedder.EclipseLogger - Using 'UTF-8' encoding to copy filtered resources.
2020-03-03 20:12:52,232 [Worker-7] INFO  o.e.m.c.i.embedder.EclipseLogger - skip non existing resourceDirectory C:\softwares\eclipse\ bhavya git1 hometask-5\ExceptionHandling\src\test\resources
